\BOOKMARK [1][]{section.1}{\376\377\000I\000n\000t\000r\000o\000d\000u\000c\000t\000i\000o\000n}{}% 1
\BOOKMARK [1][]{section.2}{\376\377\000T\000h\000e\000o\000r\000e\000t\000i\000c\000a\000l\000\040\000F\000r\000a\000m\000e\000w\000o\000r\000k}{}% 2
\BOOKMARK [2][]{subsection.2.1}{\376\377\000C\000o\000n\000s\000t\000r\000u\000c\000t\000-\000i\000r\000r\000e\000l\000e\000v\000a\000n\000t\000\040\000v\000a\000r\000i\000a\000n\000c\000e}{section.2}% 3
\BOOKMARK [2][]{subsection.2.2}{\376\377\000I\000d\000e\000n\000t\000i\000t\000y\000-\000p\000r\000o\000t\000e\000c\000t\000i\000v\000e\000\040\000c\000o\000g\000n\000i\000t\000i\000o\000n}{section.2}% 4
\BOOKMARK [2][]{subsection.2.3}{\376\377\000A\000u\000t\000h\000o\000r\000i\000t\000a\000r\000i\000a\000n\000\040\000c\000o\000g\000n\000i\000t\000i\000o\000n\000\040\000a\000n\000d\000\040\000i\000n\000t\000e\000g\000r\000a\000t\000i\000v\000e\000\040\000c\000o\000m\000p\000l\000e\000x\000i\000t\000y}{section.2}% 5
\BOOKMARK [2][]{subsection.2.4}{\376\377\000D\000u\000a\000l\000-\000p\000r\000o\000c\000e\000s\000s\000\040\000m\000o\000d\000e\000l\000s}{section.2}% 6
\BOOKMARK [2][]{subsection.2.5}{\376\377\000C\000o\000m\000p\000e\000t\000i\000n\000g\000\040\000p\000r\000e\000d\000i\000c\000t\000i\000o\000n\000s}{section.2}% 7
\BOOKMARK [1][]{section.3}{\376\377\000L\000i\000t\000e\000r\000a\000t\000u\000r\000e\000\040\000R\000e\000v\000i\000e\000w}{}% 8
\BOOKMARK [2][]{subsection.3.1}{\376\377\000H\000i\000s\000t\000o\000r\000i\000c\000a\000l\000\040\000p\000e\000r\000s\000p\000e\000c\000t\000i\000v\000e\000\040\000t\000a\000k\000i\000n\000g}{section.3}% 9
\BOOKMARK [2][]{subsection.3.2}{\376\377\000M\000e\000a\000s\000u\000r\000i\000n\000g\000\040\000H\000P\000T\000:\000\040\000T\000h\000e\000\040\000s\000c\000e\000n\000a\000r\000i\000o\000-\000b\000a\000s\000e\000d\000\040\000a\000p\000p\000r\000o\000a\000c\000h}{section.3}% 10
\BOOKMARK [2][]{subsection.3.3}{\376\377\000T\000h\000e\000\040\000a\000t\000t\000i\000t\000u\000d\000e\040\023\000a\000s\000s\000e\000s\000s\000m\000e\000n\000t\000\040\000i\000n\000t\000e\000r\000s\000e\000c\000t\000i\000o\000n}{section.3}% 11
\BOOKMARK [2][]{subsection.3.4}{\376\377\000T\000h\000e\000\040\000C\000z\000e\000c\000h\000\040\000e\000d\000u\000c\000a\000t\000i\000o\000n\000a\000l\000\040\000c\000o\000n\000t\000e\000x\000t}{section.3}% 12
\BOOKMARK [2][]{subsection.3.5}{\376\377\000H\000y\000p\000o\000t\000h\000e\000s\000e\000s}{section.3}% 13
\BOOKMARK [1][]{section.4}{\376\377\000M\000e\000t\000h\000o\000d}{}% 14
\BOOKMARK [2][]{subsection.4.1}{\376\377\000P\000a\000r\000t\000i\000c\000i\000p\000a\000n\000t\000s\000\040\000a\000n\000d\000\040\000p\000r\000o\000c\000e\000d\000u\000r\000e}{section.4}% 15
\BOOKMARK [2][]{subsection.4.2}{\376\377\000I\000n\000s\000t\000r\000u\000m\000e\000n\000t\000s}{section.4}% 16
\BOOKMARK [3][]{subsubsection.4.2.1}{\376\377\000H\000i\000s\000t\000o\000r\000i\000c\000a\000l\000\040\000p\000e\000r\000s\000p\000e\000c\000t\000i\000v\000e\000\040\000t\000a\000k\000i\000n\000g\000\040\000\050\000H\000P\000T\000\051\000.}{subsection.4.2}% 17
\BOOKMARK [3][]{subsubsection.4.2.2}{\376\377\000R\000i\000g\000h\000t\000-\000a\000u\000t\000h\000o\000r\000i\000t\000a\000r\000i\000a\000n\000\040\000i\000d\000e\000o\000l\000o\000g\000y\000\040\000\050\000F\000R\000-\000L\000F\000\040\000m\000i\000n\000i\000\051\000.}{subsection.4.2}% 18
\BOOKMARK [3][]{subsubsection.4.2.3}{\376\377\000A\000u\000t\000h\000o\000r\000i\000t\000a\000r\000i\000a\000n\000i\000s\000m\000\040\000\050\000K\000S\000A\000-\0003\000\051\000.}{subsection.4.2}% 19
\BOOKMARK [3][]{subsubsection.4.2.4}{\376\377\000H\000i\000s\000t\000o\000r\000i\000c\000a\000l\000\040\000k\000n\000o\000w\000l\000e\000d\000g\000e\000\040\000\050\000K\000N\000\051\000.}{subsection.4.2}% 20
\BOOKMARK [3][]{subsubsection.4.2.5}{\376\377\000S\000o\000c\000i\000a\000l\000\040\000d\000e\000s\000i\000r\000a\000b\000i\000l\000i\000t\000y\000\040\000\050\000S\000D\000R\000-\0005\000\051\000.}{subsection.4.2}% 21
\BOOKMARK [2][]{subsection.4.3}{\376\377\000A\000n\000a\000l\000y\000t\000i\000c\000\040\000a\000p\000p\000r\000o\000a\000c\000h}{section.4}% 22
\BOOKMARK [1][]{section.5}{\376\377\000R\000e\000s\000u\000l\000t\000s}{}% 23
\BOOKMARK [2][]{subsection.5.1}{\376\377\000D\000e\000s\000c\000r\000i\000p\000t\000i\000v\000e\000\040\000s\000t\000a\000t\000i\000s\000t\000i\000c\000s}{section.5}% 24
\BOOKMARK [2][]{subsection.5.2}{\376\377\000M\000e\000a\000s\000u\000r\000e\000m\000e\000n\000t\000\040\000p\000r\000o\000p\000e\000r\000t\000i\000e\000s}{section.5}% 25
\BOOKMARK [2][]{subsection.5.3}{\376\377\000Z\000e\000r\000o\000-\000o\000r\000d\000e\000r\000\040\000c\000o\000r\000r\000e\000l\000a\000t\000i\000o\000n\000s}{section.5}% 26
\BOOKMARK [2][]{subsection.5.4}{\376\377\000D\000i\000f\000f\000e\000r\000e\000n\000t\000i\000a\000l\000\040\000i\000t\000e\000m\000\040\000f\000u\000n\000c\000t\000i\000o\000n\000i\000n\000g}{section.5}% 27
\BOOKMARK [2][]{subsection.5.5}{\376\377\000M\000e\000a\000s\000u\000r\000e\000m\000e\000n\000t\000\040\000i\000n\000v\000a\000r\000i\000a\000n\000c\000e}{section.5}% 28
\BOOKMARK [2][]{subsection.5.6}{\376\377\000H\000y\000p\000o\000t\000h\000e\000s\000i\000s\000\040\000t\000e\000s\000t\000s}{section.5}% 29
\BOOKMARK [3][]{subsubsection.5.6.1}{\376\377\000H\0001\000\040\000a\000n\000d\000\040\000H\0002\000:\000\040\000M\000u\000l\000t\000i\000l\000e\000v\000e\000l\000\040\000m\000o\000d\000e\000l\000s\000.}{subsection.5.6}% 30
\BOOKMARK [3][]{subsubsection.5.6.2}{\376\377\000E\000q\000u\000i\000v\000a\000l\000e\000n\000c\000e\000\040\000t\000e\000s\000t\000s\000.}{subsection.5.6}% 31
\BOOKMARK [2][]{subsection.5.7}{\376\377\000S\000e\000n\000s\000i\000t\000i\000v\000i\000t\000y\000\040\000a\000n\000a\000l\000y\000s\000e\000s}{section.5}% 32
\BOOKMARK [1][]{section.6}{\376\377\000D\000i\000s\000c\000u\000s\000s\000i\000o\000n}{}% 33
\BOOKMARK [2][]{subsection.6.1}{\376\377\000S\000u\000m\000m\000a\000r\000y\000\040\000o\000f\000\040\000f\000i\000n\000d\000i\000n\000g\000s}{section.6}% 34
\BOOKMARK [2][]{subsection.6.2}{\376\377\000D\000o\000m\000a\000i\000n\000\040\000k\000n\000o\000w\000l\000e\000d\000g\000e\000\040\000a\000s\000\040\000t\000h\000e\000\040\000k\000e\000y\000\040\000p\000r\000e\000d\000i\000c\000t\000o\000r}{section.6}% 35
\BOOKMARK [2][]{subsection.6.3}{\376\377\000A\000l\000t\000e\000r\000n\000a\000t\000i\000v\000e\000\040\000e\000x\000p\000l\000a\000n\000a\000t\000i\000o\000n\000s}{section.6}% 36
\BOOKMARK [2][]{subsection.6.4}{\376\377\000E\000x\000p\000l\000o\000r\000a\000t\000o\000r\000y\000\040\000f\000i\000n\000d\000i\000n\000g\000:\000\040\000A\000u\000t\000h\000o\000r\000i\000t\000a\000r\000i\000a\000n\000i\000s\000m\000\040\000a\000n\000d\000\040\000p\000r\000e\000s\000e\000n\000t\000i\000s\000m}{section.6}% 37
\BOOKMARK [2][]{subsection.6.5}{\376\377\000I\000m\000p\000l\000i\000c\000a\000t\000i\000o\000n\000s\000\040\000f\000o\000r\000\040\000e\000d\000u\000c\000a\000t\000i\000o\000n\000a\000l\000\040\000p\000s\000y\000c\000h\000o\000l\000o\000g\000y}{section.6}% 38
\BOOKMARK [2][]{subsection.6.6}{\376\377\000I\000m\000p\000l\000i\000c\000a\000t\000i\000o\000n\000s\000\040\000f\000o\000r\000\040\000h\000i\000s\000t\000o\000r\000y\000\040\000e\000d\000u\000c\000a\000t\000i\000o\000n}{section.6}% 39
\BOOKMARK [2][]{subsection.6.7}{\376\377\000L\000i\000m\000i\000t\000a\000t\000i\000o\000n\000s}{section.6}% 40
\BOOKMARK [2][]{subsection.6.8}{\376\377\000F\000u\000t\000u\000r\000e\000\040\000d\000i\000r\000e\000c\000t\000i\000o\000n\000s}{section.6}% 41
\BOOKMARK [2][]{subsection.6.9}{\376\377\000C\000o\000n\000c\000l\000u\000s\000i\000o\000n}{section.6}% 42
\BOOKMARK [3][]{section*.2}{\376\377\000A\000c\000k\000n\000o\000w\000l\000e\000d\000g\000m\000e\000n\000t\000s}{subsection.6.9}% 43
\BOOKMARK [4][]{section*.4}{\376\377\000C\000o\000m\000p\000e\000t\000i\000n\000g\000\040\000i\000n\000t\000e\000r\000e\000s\000t\000s}{section*.2}% 44
\BOOKMARK [5][]{section*.5}{\376\377\000F\000u\000n\000d\000i\000n\000g}{section*.4}% 45
\BOOKMARK [5][]{section*.6}{\376\377\000E\000t\000h\000i\000c\000s\000\040\000a\000p\000p\000r\000o\000v\000a\000l}{section*.4}% 46
\BOOKMARK [5][]{section*.7}{\376\377\000C\000o\000n\000s\000e\000n\000t\000\040\000t\000o\000\040\000p\000a\000r\000t\000i\000c\000i\000p\000a\000t\000e}{section*.4}% 47
\BOOKMARK [5][]{section*.8}{\376\377\000D\000a\000t\000a\000\040\000a\000v\000a\000i\000l\000a\000b\000i\000l\000i\000t\000y}{section*.4}% 48
\BOOKMARK [5][]{section*.9}{\376\377\000C\000o\000d\000e\000\040\000a\000v\000a\000i\000l\000a\000b\000i\000l\000i\000t\000y}{section*.4}% 49
\BOOKMARK [5][]{section*.10}{\376\377\000A\000u\000t\000h\000o\000r\000\040\000c\000o\000n\000t\000r\000i\000b\000u\000t\000i\000o\000n}{section*.4}% 50
\BOOKMARK [5][]{section*.11}{\376\377\000P\000r\000e\000r\000e\000g\000i\000s\000t\000r\000a\000t\000i\000o\000n}{section*.4}% 51
